19:37:43.621 INFO Initialising Variables.....
19:37:43.834 INFO loading projection weights from Data/Recipe1M/vocab.bin
19:37:43.834 DEBUG {'uri': 'Data/Recipe1M/vocab.bin', 'mode': 'rb', 'buffering': -1, 'encoding': None, 'errors': None, 'newline': None, 'closefd': True, 'opener': None, 'compression': 'infer_from_extension', 'transport_params': None}
19:37:44.130 DEBUG starting a new internal lifecycle event log for KeyedVectors
19:37:44.130 INFO KeyedVectors lifecycle event {'msg': 'loaded (30167, 300) matrix of type float32 from Data/Recipe1M/vocab.bin', 'binary': True, 'encoding': 'utf8', 'datetime': '2022-10-18T19:37:44.121740', 'gensim': '4.2.0', 'python': '3.8.10 (default, Jun 22 2022, 20:18:18) \n[GCC 9.4.0]', 'platform': 'Linux-5.4.0-126-generic-x86_64-with-glibc2.29', 'event': 'load_word2vec_format'}
19:37:44.134 INFO loading projection weights from models/graph_combi.bin
19:37:44.154 DEBUG {'uri': 'models/graph_combi.bin', 'mode': 'rb', 'buffering': -1, 'encoding': None, 'errors': None, 'newline': None, 'closefd': True, 'opener': None, 'compression': 'infer_from_extension', 'transport_params': None}
19:37:44.214 DEBUG starting a new internal lifecycle event log for KeyedVectors
19:37:44.214 INFO KeyedVectors lifecycle event {'msg': 'loaded (7280, 64) matrix of type float32 from models/graph_combi.bin', 'binary': True, 'encoding': 'utf8', 'datetime': '2022-10-18T19:37:44.214707', 'gensim': '4.2.0', 'python': '3.8.10 (default, Jun 22 2022, 20:18:18) \n[GCC 9.4.0]', 'platform': 'Linux-5.4.0-126-generic-x86_64-with-glibc2.29', 'event': 'load_word2vec_format'}
19:37:44.243 INFO Running
19:37:44.262 INFO Creating Initial Population...
19:37:53.514 INFO Initial Population Size: 100
19:37:53.536 INFO Initial All Objectives: [[8.967902214282063, 2.9880716770787004, 0.0, -0.0], [9.489867183316031, 3.418005748020219, 0.0, -0.0], [9.680249329145296, 4.190282692756873, 0.0, -0.0], [9.699260172001956, 4.133499491961649, 0.0, -0.0], [9.417506761757974, 2.490317832332346, 0.0, -0.0], [9.734530306769804, 2.752142231794413, 0.0, -0.0], [9.648605606529351, 2.2824655524364448, 0.0, -0.0], [9.560353636159936, 3.3092182562207064, 0.0, -0.0], [9.55727008060158, 2.416275528633153, 0.0, -0.0], [8.498163950500876, 3.3451005843273895, 0.0, -0.0], [9.578446809605975, 2.942253894898715, 0.0, -0.0], [9.37455867230787, 2.421689498177307, 0.0, -0.0], [9.455086761676759, 2.850950609033133, 0.0, -0.0], [9.689844433142008, 3.8028570111147872, 0.0, -0.0], [9.758416919191347, 2.2833237567912543, 0.0, -0.0], [9.897342686179407, 2.9478643447411943, 0.0, -0.0], [9.460219995874645, 2.8380946667689346, 0.0, -0.0], [9.732822618892676, 2.894321523642376, 0.0, -0.0], [9.674116421810362, 3.2732656900566237, 0.0, -0.0], [9.483793147479073, 3.067985360241741, 0.0, -0.0], [9.324685223778427, 2.892930452782813, 0.0, -0.0], [9.590680569828756, 3.2836586133158283, 0.0, -0.0], [9.806925798777014, 2.9025761906155156, 0.0, -0.0], [9.725534899469825, 4.954344165223083, 0.0, -0.0], [8.992661741714183, 3.7780283074730416, 0.0, -0.0], [9.713302087986532, 3.4247511963084416, 0.0, -0.0], [9.585438171092655, 2.661810509321296, 0.0, -0.0], [9.45129892261053, 2.779327433544307, 0.0, -0.0], [9.670342933875315, 2.8247856712630424, 0.0, -0.0], [9.287074964122882, 2.4264970280177494, 0.0, -0.0], [9.530839273947114, 2.8130790645514363, 0.0, -0.0], [9.32137635190874, 4.263471667742228, 0.0, -0.0], [9.607799745494162, 2.719965033984094, 0.0, -0.0], [9.82440514598708, 3.7657182882711893, 0.0, -0.0], [9.53526618587953, 2.5010941552559043, 0.0, -0.0], [9.769838779271447, 2.7068813705187447, 0.0, -0.0], [9.534695590855119, 2.1978216231232164, 0.0, -0.0], [9.226593865499904, 2.2699406286618484, 0.0, -0.0], [9.616528811787669, 2.57995636532178, 0.0, -0.0], [9.465048764998627, 4.310881384463714, 0.0, -0.0], [9.620989532321357, 3.0924910438863153, 0.0, -0.0], [9.724243471936905, 2.09944128548397, 0.0, -0.0], [9.54660810514197, 1.9897158138586828, 0.0, -0.0], [9.81946660902452, 2.6264508037967227, 0.0, -0.0], [9.414845382746684, 3.651325051940622, 0.0, -0.0], [9.685687345818879, 3.0843395023297413, 0.0, -0.0], [9.640763594879157, 2.3522349207047224, 0.0, -0.0], [9.663703991412739, 2.5415108932344697, 0.0, -0.0], [9.641691746729723, 3.0669002295374748, 0.0, -0.0], [9.534557829336643, 2.3753447530477065, 0.0, -0.0], [9.630103589704031, 2.4352113928299475, 0.0, -0.0], [9.679879076340988, 2.7891165941841756, 0.0, -0.0], [9.50555758095454, 2.3056561534963533, 0.0, -0.0], [9.444534472144808, 2.6425698174186816, 0.0, -0.0], [9.238135046157783, 3.063897251374001, 0.0, -0.0], [9.613433288579493, 4.020472910313783, 0.0, -0.0], [9.443222703743945, 3.224888059637677, 0.0, -0.0], [9.344600257445313, 2.2283726060270923, 0.0, -0.0], [9.669517234457562, 4.988237177850117, 0.0, -0.0], [9.452830778258695, 5.799393510949018, 0.0, -0.0], [9.63487230526532, 5.67534965803699, 0.0, -0.0], [9.433096781714486, 3.162104065414288, 0.0, -0.0], [9.396882483846788, 3.435312229038858, 0.0, -0.0], [9.581000108464288, 2.7210007305177233, 0.0, -0.0], [9.552254462372868, 2.068787626812279, 0.0, -0.0], [9.453150150019562, 2.2429199931408985, 0.0, -0.0], [9.657032375859249, 3.181748168576494, 0.0, -0.0], [9.268189769541367, 2.9713358802597076, 0.0, -0.0], [8.805868334017612, 2.7831162243797274, 0.0, -0.0], [9.517282404718468, 4.563378046032936, 0.0, -0.0], [9.342952448817849, 4.068262143475139, 0.0, -0.0], [9.878438891196938, 4.255694372056289, 0.0, -0.0], [9.603657149404109, 2.7672117650615746, 0.0, -0.0], [9.904116023238231, 2.6436148514409745, 0.0, -0.0], [9.624151021556528, 4.139498008111614, 0.0, -0.0], [9.786006373889158, 3.008977632277658, 0.0, -0.0], [9.72618341460121, 2.1429524946064022, 0.0, -0.0], [9.531159694204161, 3.6945928805187895, 0.0, -0.0], [9.812843875646777, 2.9739278129008073, 0.0, -0.0], [9.400795320211888, 2.0763542040655425, 0.0, -0.0], [9.402604936878612, 4.654468323891873, 0.0, -0.0], [9.284065014361696, 2.322432642569565, 0.0, -0.0], [9.635641147126297, 2.1353999461618733, 0.0, -0.0], [9.552662254628935, 3.6237702615706016, 0.0, -0.0], [9.649508698038451, 2.949221604325513, 0.0, -0.0], [9.58953561597077, 2.2865050873712898, 0.0, -0.0], [9.361628008903063, 3.9013559054097686, 0.0, -0.0], [9.218577334960136, 4.491113639274781, 0.0, -0.0], [9.488890304117337, 2.902785882679389, 0.0, -0.0], [9.360018379518127, 2.329308888493514, 0.0, -0.0], [9.783662190590316, 2.5446305094708777, 0.0, -0.0], [9.494506664820637, 2.6147202308338686, 0.0, -0.0], [9.313625887398807, 3.649330362805377, 0.0, -0.0], [9.824661480580913, 2.3841599157880364, 0.0, -0.0], [9.627710323526296, 3.8053489112728984, 0.0, -0.0], [9.513231766984875, 3.4434444251776655, 0.0, -0.0], [9.52856616386655, 2.8164595452104075, 0.0, -0.0], [9.589329085773649, 2.7196563493421553, 0.0, -0.0], [9.581407429846685, 2.6214186889562745, 0.0, -0.0], [9.710461668673673, 2.502635634894776, 0.0, -0.0]]
19:37:53.560 INFO Random Initial Meal Plan: 
19:37:53.569 INFO 
Nutrition Values: [2766.1063100000006, 139.555375, 73.8043026, 317.88810700000005]
Weight: 1200
Objective Values: [9.897342686179407, 2.9478643447411943, 0.0, -0.0]

 Meal Plan: 
0 French Crepes
1 
2 
3 Swedish Kringles
4 Whole Yellow Pea Soup
5 Sweet And Sour Red Cabbage
6 The Amazing Swedish Meatball
7 
8 Best Big, Fat, Chewy Chocolate Chip Cookie
9 
10 Strawberry Bruschetta
11 Irish Potatoes
12 Peanut Butter Potato Candy
13 Diane'S Colcannon
14 
19:37:53.750 INFO Initial Avg Objectives: [9.536732949183985, 3.0835738041491374, 0.0, 0.0]
19:37:53.751 INFO Starting Evolution..
19:37:53.836 INFO Iteration 0: Objective Value: [8.259754409919985, 3.77327541604302, 0.0, 0.0]
19:37:55.987 INFO Iteration 10: Objective Value: [8.374817770715874, 5.590534011627185, 0.0, 0.0]
19:37:57.903 INFO Iteration 20: Objective Value: [8.5542619946637, 6.2507905603861635, 0.0, 0.0]
19:37:59.737 INFO Iteration 30: Objective Value: [8.382385535207467, 6.840035911992817, 0.0, 0.0]
19:38:01.511 INFO Iteration 40: Objective Value: [8.560011541102442, 7.044839405664913, 0.0, 0.0]
19:38:03.279 INFO Iteration 50: Objective Value: [8.923354334589527, 6.746777034701649, 0.0, 0.0]
19:38:05.78 INFO Iteration 60: Objective Value: [8.793114984606062, 6.637704633080859, 0.0, 0.0]
19:38:06.982 INFO Iteration 70: Objective Value: [8.802209448284618, 6.579071276303778, 0.0, 0.0]
19:38:09.19 INFO Iteration 80: Objective Value: [8.747625987647684, 6.5070033511108925, 0.0, 0.0]
19:38:11.47 INFO Iteration 90: Objective Value: [8.044215293974805, 7.376090070538099, 0.0, 0.0]
19:38:13.17 INFO Objective Value: [8.666987974769965, 7.0999358270386805, 0.0, 0.0]
19:38:13.17 INFO NSGA Complete
19:38:13.44 INFO Front Size: 100
19:38:13.45 INFO Objective Values History: 
19:38:13.45 INFO [[8.259754409919985, 3.77327541604302, 0.0, 0.0], [8.374817770715874, 5.590534011627185, 0.0, 0.0], [8.5542619946637, 6.2507905603861635, 0.0, 0.0], [8.382385535207467, 6.840035911992817, 0.0, 0.0], [8.560011541102442, 7.044839405664913, 0.0, 0.0], [8.923354334589527, 6.746777034701649, 0.0, 0.0], [8.793114984606062, 6.637704633080859, 0.0, 0.0], [8.802209448284618, 6.579071276303778, 0.0, 0.0], [8.747625987647684, 6.5070033511108925, 0.0, 0.0], [8.044215293974805, 7.376090070538099, 0.0, 0.0]]
19:38:13.45 INFO Objective Values of Pareto Front: 
19:38:13.45 INFO [[9.92265297507878, 2.923566443529494, 0.0, -0.0], [9.918600130035786, 6.214565028377958, 0.0, -0.0], [9.918600130035786, 6.214565028377958, 0.0, -0.0], [9.918600130035786, 6.214565028377958, 0.0, -0.0], [9.918600130035786, 6.214565028377958, 0.0, -0.0], [9.918600130035786, 6.214565028377958, 0.0, -0.0], [9.918600130035786, 6.214565028377958, 0.0, -0.0], [9.918600130035786, 6.214565028377958, 0.0, -0.0], [9.656767939589418, 6.222827659507942, 0.0, -0.0], [9.463119381572408, 6.343241531150947, 0.0, -0.0], [9.463119381572408, 6.343241531150947, 0.0, -0.0], [9.463119381572408, 6.343241531150947, 0.0, -0.0], [9.463119381572408, 6.343241531150947, 0.0, -0.0], [9.279531929978694, 6.716520696513022, 0.0, -0.0], [9.279531929978694, 6.716520696513022, 0.0, -0.0], [9.279531929978694, 6.716520696513022, 0.0, -0.0], [9.279531929978694, 6.716520696513022, 0.0, -0.0], [9.279531929978694, 6.716520696513022, 0.0, -0.0], [9.279531929978694, 6.716520696513022, 0.0, -0.0], [9.279531929978694, 6.716520696513022, 0.0, -0.0], [9.279531929978694, 6.716520696513022, 0.0, -0.0], [9.279531929978694, 6.716520696513022, 0.0, -0.0], [9.279531929978694, 6.716520696513022, 0.0, -0.0], [9.279531929978694, 6.716520696513022, 0.0, -0.0], [9.165743275923036, 6.910697007054117, 0.0, -0.0], [9.072277647104151, 7.064563980211738, 0.0, -0.0], [9.072277647104151, 7.064563980211738, 0.0, -0.0], [9.072277647104151, 7.064563980211738, 0.0, -0.0], [9.072277647104151, 7.064563980211738, 0.0, -0.0], [9.072277647104151, 7.064563980211738, 0.0, -0.0], [9.072277647104151, 7.064563980211738, 0.0, -0.0], [9.072277647104151, 7.064563980211738, 0.0, -0.0], [9.072277647104151, 7.064563980211738, 0.0, -0.0], [9.072277647104151, 7.064563980211738, 0.0, -0.0], [9.072277647104151, 7.064563980211738, 0.0, -0.0], [9.072277647104151, 7.064563980211738, 0.0, -0.0], [9.072277647104151, 7.064563980211738, 0.0, -0.0], [8.965570591941653, 7.097248958061935, 0.0, -0.0], [8.965570591941653, 7.097248958061935, 0.0, -0.0], [8.965570591941653, 7.097248958061935, 0.0, -0.0], [8.965570591941653, 7.097248958061935, 0.0, -0.0], [8.965570591941653, 7.097248958061935, 0.0, -0.0], [8.965570591941653, 7.097248958061935, 0.0, -0.0], [8.965570591941653, 7.097248958061935, 0.0, -0.0], [8.965570591941653, 7.097248958061935, 0.0, -0.0], [8.965570591941653, 7.097248958061935, 0.0, -0.0], [8.965570591941653, 7.097248958061935, 0.0, -0.0], [8.965570591941653, 7.097248958061935, 0.0, -0.0], [8.965570591941653, 7.097248958061935, 0.0, -0.0], [8.965570591941653, 7.097248958061935, 0.0, -0.0], [8.965570591941653, 7.097248958061935, 0.0, -0.0], [8.965570591941653, 7.097248958061935, 0.0, -0.0], [8.965570591941653, 7.097248958061935, 0.0, -0.0], [8.965570591941653, 7.097248958061935, 0.0, -0.0], [8.965570591941653, 7.097248958061935, 0.0, -0.0], [8.965570591941653, 7.097248958061935, 0.0, -0.0], [8.95848899304849, 7.258740290752833, 0.0, -0.0], [8.95848899304849, 7.258740290752833, 0.0, -0.0], [8.95848899304849, 7.258740290752833, 0.0, -0.0], [8.95848899304849, 7.258740290752833, 0.0, -0.0], [8.95848899304849, 7.258740290752833, 0.0, -0.0], [8.95848899304849, 7.258740290752833, 0.0, -0.0], [8.95848899304849, 7.258740290752833, 0.0, -0.0], [8.95848899304849, 7.258740290752833, 0.0, -0.0], [8.95848899304849, 7.258740290752833, 0.0, -0.0], [8.95848899304849, 7.258740290752833, 0.0, -0.0], [8.95848899304849, 7.258740290752833, 0.0, -0.0], [8.95848899304849, 7.258740290752833, 0.0, -0.0], [8.95848899304849, 7.258740290752833, 0.0, -0.0], [8.95848899304849, 7.258740290752833, 0.0, -0.0], [8.95848899304849, 7.258740290752833, 0.0, -0.0], [8.95848899304849, 7.258740290752833, 0.0, -0.0], [8.919601555016465, 7.399333143526067, 0.0, -0.0], [8.919601555016465, 7.399333143526067, 0.0, -0.0], [8.919601555016465, 7.399333143526067, 0.0, -0.0], [8.919601555016465, 7.399333143526067, 0.0, -0.0], [8.919601555016465, 7.399333143526067, 0.0, -0.0], [8.919601555016465, 7.399333143526067, 0.0, -0.0], [8.919601555016465, 7.399333143526067, 0.0, -0.0], [8.919601555016465, 7.399333143526067, 0.0, -0.0], [8.919601555016465, 7.399333143526067, 0.0, -0.0], [8.919601555016465, 7.399333143526067, 0.0, -0.0], [8.919601555016465, 7.399333143526067, 0.0, -0.0], [8.719428871035081, 7.585885094533885, 0.0, -0.0], [8.719428871035081, 7.585885094533885, 0.0, -0.0], [8.719428871035081, 7.585885094533885, 0.0, -0.0], [8.712347272141919, 7.747376427224783, 0.0, -0.0], [8.712347272141919, 7.747376427224783, 0.0, -0.0], [5.831372073471436, 7.756840197323303, 0.0, -0.0], [5.831372073471436, 7.756840197323303, 0.0, -0.0], [5.760245274883982, 7.797978636794148, 0.0, -0.0], [5.760245274883982, 7.797978636794148, 0.0, -0.0], [5.753163675990819, 7.9594699694850455, 0.0, -0.0], [5.753163675990819, 7.9594699694850455, 0.0, -0.0], [5.35280410736982, 7.982865125791079, 0.0, -0.0], [5.35280410736982, 7.982865125791079, 0.0, -0.0], [5.345722508476657, 8.144356458481974, 0.0, -0.0], [5.345722508476657, 8.144356458481974, 0.0, -0.0], [4.130946588113566, 8.24470324926584, 0.0, -0.0], [4.130946588113566, 8.24470324926584, 0.0, -0.0]]
19:38:13.263 INFO Meal Plan Generated: 
19:38:13.264 INFO 
Nutrition Values: [1668.04254, 64.2387574, 35.937789499999994, 244.22393420000003]
Weight: 1300
Objective Values: [8.95848899304849, 7.258740290752833, 0.0, -0.0]

 Meal Plan: 
0 Banana Banana Bread
1 
2 
3 Kofta Kebabs
4 Thai Cucumber Soup
5 Cucumber And Apple Salad
6 
7 
8 Irish Tea Cake
9 
10 Greek Butter Cookies
11 Gorgonzola And Olive Stuffed Grape Leaves
12 Peppy'S Pita Bread
13 
14 

19:38:13.286 INFO 
Nutrition Values: [1970.19274, 97.9930774, 53.8654155, 213.5190842]
Weight: 1300
Objective Values: [5.753163675990819, 7.9594699694850455, 0.0, -0.0]

 Meal Plan: 
0 Banana Banana Bread
1 
2 
3 Kofta Kebabs
4 Thai Cucumber Soup
5 Cucumber And Apple Salad
6 
7 
8 Seven Layer Magic Cookie Bars
9 
10 Greek Butter Cookies
11 Gorgonzola And Olive Stuffed Grape Leaves
12 Stuffed Peppers With Creole Sauce
13 
14 

19:38:13.286 INFO 
Nutrition Values: [1920.6695499999998, 65.00221599999999, 77.37109620000001, 264.22876600000006]
Weight: 1200
Objective Values: [9.92265297507878, 2.923566443529494, 0.0, -0.0]

 Meal Plan: 
0 Creme Brulee Pancakes
1 
2 
3 Old-School Baltimore Crab Soup
4 Easy Cream Of Chicken Rice Soup
5 Zucchini Cakes
6 Maryland Crab Cakes Ii
7 
8 Brazilian Coffee Cookies
9 
10 Strawberry Bruschetta
11 Irish Potatoes
12 Diane'S Colcannon
13 
14 

19:38:13.313 INFO 
Nutrition Values: [2281.49949, 111.89737389999999, 72.3509161, 260.37548300000003]
Weight: 1300
Objective Values: [9.463119381572408, 6.343241531150947, 0.0, -0.0]

 Meal Plan: 
0 Pumpkin Spiced Latte
1 
2 
3 Thai Cucumber Soup
4 Shrimp Summer Rolls With Asian Peanut Sauce
5 Fresh Spring Rolls With Thai Dipping Sauce
6 
7 
8 Zucchini Brownies
9 
10 Greek Butter Cookies
11 Ghoraiybah
12 Lebanese Lemon Lentil Soup
13 
14 

19:38:13.335 INFO 
Nutrition Values: [2575.0180600000003, 118.2433084, 71.4355814, 322.5801602]
Weight: 1400
Objective Values: [4.130946588113566, 8.24470324926584, 0.0, -0.0]

 Meal Plan: 
0 Banana Banana Bread
1 
2 
3 Kofta Kebabs
4 Thai Cucumber Soup
5 Cucumber And Apple Salad
6 
7 
8 Caramel Snack Mix
9 
10 Chocolate Snowdrops
11 Beef Samosas
12 Stuffed Peppers With Creole Sauce
13 
14 

