## Run with Preferences: Preferrerd 8,3 (Italy, Mexico), Rejected: 14 (Korea) 
10:24:22.565 INFO Initialising Variables.....
10:24:22.774 INFO loading projection weights from Data/Recipe1M/vocab.bin
10:24:22.774 DEBUG {'uri': 'Data/Recipe1M/vocab.bin', 'mode': 'rb', 'buffering': -1, 'encoding': None, 'errors': None, 'newline': None, 'closefd': True, 'opener': None, 'compression': 'infer_from_extension', 'transport_params': None}
10:24:23.127 DEBUG starting a new internal lifecycle event log for KeyedVectors
10:24:23.127 INFO KeyedVectors lifecycle event {'msg': 'loaded (30167, 300) matrix of type float32 from Data/Recipe1M/vocab.bin', 'binary': True, 'encoding': 'utf8', 'datetime': '2022-10-26T10:24:23.116395', 'gensim': '4.2.0', 'python': '3.8.10 (default, Jun 22 2022, 20:18:18) \n[GCC 9.4.0]', 'platform': 'Linux-5.4.0-126-generic-x86_64-with-glibc2.29', 'event': 'load_word2vec_format'}
10:24:23.131 INFO loading projection weights from models/graph_combi.bin
10:24:23.147 DEBUG {'uri': 'models/graph_combi.bin', 'mode': 'rb', 'buffering': -1, 'encoding': None, 'errors': None, 'newline': None, 'closefd': True, 'opener': None, 'compression': 'infer_from_extension', 'transport_params': None}
10:24:23.213 DEBUG starting a new internal lifecycle event log for KeyedVectors
10:24:23.213 INFO KeyedVectors lifecycle event {'msg': 'loaded (7280, 64) matrix of type float32 from models/graph_combi.bin', 'binary': True, 'encoding': 'utf8', 'datetime': '2022-10-26T10:24:23.213818', 'gensim': '4.2.0', 'python': '3.8.10 (default, Jun 22 2022, 20:18:18) \n[GCC 9.4.0]', 'platform': 'Linux-5.4.0-126-generic-x86_64-with-glibc2.29', 'event': 'load_word2vec_format'}
10:24:23.215 INFO Running
10:24:23.235 INFO Creating Initial Population...
10:24:34.101 INFO Initial Population Size: 100
10:24:34.124 INFO Initial All Objectives: [[9.605719063170508, 2.2506939368963708, 0.5, -0.0], [9.628864001689504, 3.2021378683413633, 0.25, -0.0], [9.581632831561263, 3.369636809721118, 0.0, -0.0], [9.684339403063545, 1.9813940414845927, 0.25, -0.0], [9.309163270155947, 3.19208872416596, 0.16666666666666666, -0.0], [9.391074442208685, 4.1144907998847575, 0.0, -0.0], [9.64015641054818, 2.1990262740296482, 0.4, -0.0], [9.387988516133003, 2.612264039114438, 0.0, -0.0], [9.563417958055526, 2.664519332596798, 0.16666666666666666, -0.0], [9.010066901721368, 3.505084054657362, 0.0, -0.0], [9.569183150779775, 3.608895613550897, 0.4, -0.0], [8.457346471132597, 2.362514645342889, 0.4, -0.0], [9.603541297856765, 2.030491613569579, 0.3333333333333333, -0.0], [9.670334979715204, 2.2556021744718637, 0.4, -0.0], [9.674031215036852, 3.328429447671364, 0.2, -0.0], [9.724684870016013, 3.2511439084760108, 0.0, -0.0], [9.66404727688671, 2.389910136703626, 0.4, -0.0], [9.698294627286907, 2.167513035766842, 0.16666666666666666, -0.0], [9.565805646568062, 2.244495038527517, 0.3333333333333333, -0.0], [9.721362074655802, 4.049711571361351, 0.0, -0.0], [9.547299249790052, 3.369891498487766, 0.14285714285714285, -0.0], [9.467623120567803, 2.6574479186831796, 0.16666666666666666, -0.0], [8.765607655318687, 2.985255620955278, 0.16666666666666666, -0.0], [9.024804419552973, 1.8792689347793303, 0.0, -0.0], [9.588417714472047, 3.1330362163040704, 0.16666666666666666, -0.0], [9.671506039604973, 2.7120731889970573, 0.0, -0.0], [9.447318042549641, 4.029828518055133, 0.16666666666666666, -0.0], [9.501478987149945, 3.2488644093895975, 0.2, -0.0], [9.679743359206709, 3.407942971863668, 0.25, -0.0], [9.664807331254272, 2.9762487883383386, 0.2, -0.0], [9.66439052135444, 2.5959464711968243, 0.2, -0.0], [9.462432851417063, 2.370176731404216, 0.16666666666666666, -0.0], [9.694307820507403, 3.377646166888578, 0.2, -0.0], [9.816070345645144, 2.6099392234697274, 0.0, -0.0], [9.621938316532496, 1.9634765843243114, 0.2, -0.0], [9.641781736551337, 2.32600346489252, 0.25, -0.0], [9.79659224596806, 3.6250486404411593, 0.0, -0.0], [9.560134442248728, 1.9474962711175736, 0.16666666666666666, -0.0], [9.73344806696964, 2.7788169067605812, 0.4, -0.0], [9.761114574830623, 2.9627288177942743, 0.0, -0.0], [9.871395530738813, 2.437929075944033, 0.3333333333333333, -0.0], [9.030458130657452, 2.6443387201378292, 0.2, -0.0], [9.600136279846161, 2.447044603594441, 0.2, -0.0], [9.42691133436792, 3.548969919161504, 0.2, -0.0], [9.875963211116693, 2.0591093320717966, 0.0, -0.0], [9.642636664752192, 2.904619280781143, 0.2, -0.0], [9.546555345522878, 1.8953796193944998, 0.2, -0.0], [9.664462989607147, 4.7034029380599724, 0.0, -0.0], [9.44026437396485, 3.3621181187806997, 0.2, -0.0], [9.544087034954693, 2.050226275738979, 0.5, -0.0], [9.577889831018602, 3.332036364333961, 0.2, -0.0], [9.596014647457443, 2.4878432678550366, 0.0, -0.0], [9.374039879353594, 2.093281761721275, 0.2857142857142857, -0.0], [9.743914604776222, 3.947921126230753, 0.0, -0.0], [9.616854180630366, 4.428177124297699, 0.2, -0.0], [9.547387019793087, 2.9273239918682097, 0.0, -0.0], [9.71692131268065, 2.1374250329211106, 0.25, -0.0], [9.434749478009904, 1.8999199043696784, 0.0, -0.0], [9.581635443469755, 2.599503319045234, 0.16666666666666666, -0.0], [9.806726004797973, 4.205851317910037, 0.16666666666666666, -0.0], [9.759388190128952, 4.07404908251756, 0.0, -0.0], [9.61607435065388, 3.795264084295539, 0.2, -0.0], [9.66088512645959, 2.109605803824398, 0.0, -0.0], [9.756373549394777, 2.139953228288462, 0.2, -0.0], [9.73754624751243, 3.660912301343148, 0.16666666666666666, -0.0], [8.968877315978446, 4.42671366084245, 0.16666666666666666, -0.0], [9.67163758214763, 2.80547165912325, 0.0, -0.0], [9.579850874195863, 2.5648672573167564, 0.4, -0.0], [9.719148803905123, 4.260402448460011, 0.16666666666666666, -0.0], [9.543882427227908, 5.860306705561051, 0.0, -0.0], [9.960336649951405, 3.6262759850013815, 0.0, -0.0], [9.405439546443834, 2.568909299865134, 0.2857142857142857, -0.0], [9.624504483906998, 4.345810670477867, 0.2, -0.0], [9.299282958377603, 4.47888219501125, 0.16666666666666666, -0.0], [9.518359654319742, 2.2483868867063594, 0.2, -0.0], [9.352965026539993, 2.2594319950920587, 0.5, -0.0], [9.678696738429224, 2.307077995557771, 0.2, -0.0], [9.814821325889113, 3.337635367600161, 0.0, -0.0], [8.873092453817959, 3.0984636322352848, 0.0, -0.0], [9.578738385800667, 3.409351401182175, 0.14285714285714285, -0.0], [9.0100750571426, 5.153500058626586, 0.2857142857142857, -0.0], [9.578701384746951, 2.333801968629402, 0.0, -0.0], [9.640203318551787, 4.368093279825091, 0.0, -0.0], [9.619420365896335, 2.799367594934511, 0.16666666666666666, -0.0], [9.328286337300657, 4.225509324581176, 0.4, -0.0], [9.750187334644265, 2.7564449022161845, 0.16666666666666666, -0.0], [9.480377506946567, 4.980233299367441, 0.0, -0.0], [9.60520318079341, 4.514099410193868, 0.16666666666666666, -0.0], [9.516592835312295, 2.341184485469358, 0.3333333333333333, -0.0], [9.465324669198305, 3.6127749603301056, 0.16666666666666666, -0.0], [9.599138851547735, 2.45226097861366, 0.2, -0.0], [9.70295820366575, 2.877142234819392, 0.25, -0.0], [9.902253641488548, 3.6358504146283432, 0.0, -0.0], [9.599917590116267, 3.915131352745548, 0.25, -0.0], [8.677839677888485, 2.1242034523214297, 0.4, -0.0], [9.770853447440075, 3.6256719610184205, 0.2, -0.0], [9.617459976604888, 3.500737654018122, 0.2, -0.0], [9.752512920001125, 2.394768176625074, 0.0, -0.0], [9.586507984812595, 3.8260047323687854, 0.16666666666666666, -0.0], [9.5784857143909, 3.6263877707040075, 0.2, -0.0]]
10:24:34.143 INFO Random Initial Meal Plan: 
10:24:34.149 INFO 
Nutrition Values: [2719.2337799999996, 130.853884, 51.89346559999999, 343.907082]
Weight: 1600
Objective Values: [9.605719063170508, 2.2506939368963708, 0.5, -0.0]

 Meal Plan: 
0 Chef John'S Buttermilk Biscuits : 2 : 1
1 Mountain Apple Cobbler : 1 : 1
2 
3 Jim'S Birthday Pasta Salad : 2 : 3
4 Sesame Noodle Salad : 1 : 1
5 Sweet And Spicy Green Beans : 2 : 1
6 
7 
8 Divinity : 2 : 1
9 Southern Deviled Eggs : 1 : 1
10 Baked Tortilla Chips : 1 : 8
11 Mexican Wedding Cookies : 2 : 8
12 Anise Seed Borrachio Cookies : 2 : 8
13 
14 
10:24:34.348 INFO Initial Avg Objectives: [9.548030762368214, 3.0829054117703403, 0.172595238095238, 0.0]
10:24:34.348 INFO Starting Evolution..
10:24:34.418 INFO Iteration 0: Objective Value: [8.225288194623921, 3.664607355365785, 0.22671825396825385, 0.0]
10:24:36.839 INFO Iteration 10: Objective Value: [8.104722945547953, 4.554824438757823, 0.2860238095238092, 0.0]
10:24:38.968 INFO Iteration 20: Objective Value: [7.886080676762086, 5.217440513974339, 0.28859126984126965, 0.0]
10:24:41.53 INFO Iteration 30: Objective Value: [7.806075569084828, 5.311398350358023, 0.29852380952380936, 0.0]
10:24:43.253 INFO Iteration 40: Objective Value: [7.698081971474973, 5.603405698879092, 0.3006666666666666, 0.0]
10:24:45.474 INFO Iteration 50: Objective Value: [7.27521262810804, 5.841657954818758, 0.2998452380952381, 0.0]
10:24:47.649 INFO Iteration 60: Objective Value: [6.960087416671492, 6.03603749735149, 0.3123214285714285, 0.0]
10:24:49.817 INFO Iteration 70: Objective Value: [6.622836189127444, 6.319281852190923, 0.3240436507936507, 0.0]
10:24:51.957 INFO Iteration 80: Objective Value: [6.885329387738942, 6.48519932759516, 0.32471428571428573, 0.0]
10:24:54.111 INFO Iteration 90: Objective Value: [6.868496888016605, 6.504243637865244, 0.3472261904761904, 0.0]
10:24:56.67 INFO Objective Value: [7.228451680244129, 6.410027199338215, 0.33976190476190476, 0.0]
10:24:56.68 INFO NSGA Complete
10:24:56.89 INFO Front Size: 95
10:24:56.89 INFO Objective Values History: 
10:24:56.89 INFO [[8.225288194623921, 3.664607355365785, 0.22671825396825385, 0.0], [8.104722945547953, 4.554824438757823, 0.2860238095238092, 0.0], [7.886080676762086, 5.217440513974339, 0.28859126984126965, 0.0], [7.806075569084828, 5.311398350358023, 0.29852380952380936, 0.0], [7.698081971474973, 5.603405698879092, 0.3006666666666666, 0.0], [7.27521262810804, 5.841657954818758, 0.2998452380952381, 0.0], [6.960087416671492, 6.03603749735149, 0.3123214285714285, 0.0], [6.622836189127444, 6.319281852190923, 0.3240436507936507, 0.0], [6.885329387738942, 6.48519932759516, 0.32471428571428573, 0.0], [6.868496888016605, 6.504243637865244, 0.3472261904761904, 0.0]]
10:24:56.89 INFO Objective Values of Pareto Front: 
10:24:56.90 INFO [[9.736896122683786, 5.8531220791178695, 0.0, -0.0], [9.736896122683786, 5.8531220791178695, 0.0, -0.0], [9.543882427227908, 5.860306705561051, 0.0, -0.0], [9.543882427227908, 5.860306705561051, 0.0, -0.0], [9.322931803363783, 6.297579057778731, 0.0, -0.0], [9.202912327820124, 6.549158916933521, 0.0, -0.0], [9.117884394276818, 6.798132774706391, 0.14285714285714285, -0.0], [8.850144795011188, 7.700006386450845, 0.14285714285714285, -0.0], [8.204531964801241, 7.74757638180841, 0.14285714285714285, -0.0], [7.919969715277296, 8.149461357170026, 0.14285714285714285, -0.0], [7.853046430322955, 8.402893583492768, 0.14285714285714285, -0.0], [7.853046430322955, 8.402893583492768, 0.14285714285714285, -0.0], [8.922544014866418, 6.22178819969553, 0.16666666666666666, -0.0], [8.387030225186617, 7.706856745677114, 0.16666666666666666, -0.0], [5.450852306980375, 8.333047340538373, 0.16666666666666666, -0.0], [9.960336649951405, 3.6262759850013815, 0.2, -0.0], [9.902253641488548, 3.6358504146283432, 0.2, -0.0], [9.822073609868548, 4.357867858554475, 0.2, -0.0], [8.681706401401573, 7.466221438164191, 0.2, -0.0], [8.718053788131105, 7.002374511163432, 0.25, -0.0], [8.385184436006506, 7.505283168087197, 0.25, -0.0], [8.195930230924253, 7.749976248394181, 0.25, -0.0], [8.133829633209759, 7.957420239045827, 0.25, -0.0], [7.755698509993998, 8.200182049522207, 0.25, -0.0], [7.755698509993998, 8.200182049522207, 0.25, -0.0], [8.586615874745263, 6.575104961842395, 0.2857142857142857, -0.0], [8.586615874745263, 6.575104961842395, 0.2857142857142857, -0.0], [8.586615874745263, 6.575104961842395, 0.2857142857142857, -0.0], [8.28968230485766, 7.504145211706554, 0.2857142857142857, -0.0], [7.913304142260609, 8.155986619600002, 0.2857142857142857, -0.0], [7.913304142260609, 8.155986619600002, 0.2857142857142857, -0.0], [5.450852306980375, 8.26121019321282, 0.2857142857142857, -0.0], [5.388275434988289, 8.452063044235443, 0.2857142857142857, -0.0], [9.871395530738813, 2.437929075944033, 0.3333333333333333, -0.0], [9.871395530738813, 2.437929075944033, 0.3333333333333333, -0.0], [9.738828173560737, 5.730188519126709, 0.3333333333333333, -0.0], [9.738828173560737, 5.730188519126709, 0.3333333333333333, -0.0], [9.663577086892092, 5.826145447526186, 0.3333333333333333, -0.0], [8.962446689740487, 6.000595872874038, 0.3333333333333333, -0.0], [8.702214874796185, 6.548852897651012, 0.3333333333333333, -0.0], [8.446695331926188, 6.6651370582354845, 0.3333333333333333, -0.0], [8.446695331926188, 6.6651370582354845, 0.3333333333333333, -0.0], [7.934690364107802, 7.053912390935912, 0.3333333333333333, -0.0], [7.839453999463478, 7.203179632129962, 0.3333333333333333, -0.0], [7.575833800352555, 7.304573995118697, 0.3333333333333333, -0.0], [6.493571828873618, 7.32170343078, 0.3333333333333333, -0.0], [6.08471327249596, 7.329568973572647, 0.3333333333333333, -0.0], [5.690556381986042, 7.399087913472869, 0.3333333333333333, -0.0], [5.198877263679328, 7.795628925405235, 0.3333333333333333, -0.0], [5.198877263679328, 7.795628925405235, 0.3333333333333333, -0.0], [5.1478097969086525, 7.815107989623953, 0.3333333333333333, -0.0], [2.84324235511545, 7.918651993618432, 0.3333333333333333, -0.0], [2.84324235511545, 7.918651993618432, 0.3333333333333333, -0.0], [2.780665483123364, 8.109504844641055, 0.3333333333333333, -0.0], [2.780665483123364, 8.109504844641055, 0.3333333333333333, -0.0], [9.173461509047826, 4.949474721642249, 0.4, -0.0], [8.873611613282325, 5.672177696744684, 0.4, -0.0], [8.723487117171953, 6.324417531269094, 0.4, -0.0], [8.365167969249503, 6.593644947357741, 0.4, -0.0], [8.313290905991414, 6.910118520639982, 0.4, -0.0], [5.9461465922061265, 6.930802679006487, 0.4, -0.0], [5.629605341831364, 7.230527786909565, 0.4, -0.0], [5.629605341831364, 7.230527786909565, 0.4, -0.0], [1.610088552332753, 7.594346274606983, 0.4, -0.0], [1.610088552332753, 7.594346274606983, 0.4, -0.0], [9.796561229423355, 4.811402391676238, 0.5, -0.0], [9.796561229423355, 4.811402391676238, 0.5, -0.0], [9.796561229423355, 4.811402391676238, 0.5, -0.0], [9.796561229423355, 4.811402391676238, 0.5, -0.0], [9.00365149846218, 5.0453475704891355, 0.5, -0.0], [9.00365149846218, 5.0453475704891355, 0.5, -0.0], [9.00365149846218, 5.0453475704891355, 0.5, -0.0], [9.00365149846218, 5.0453475704891355, 0.5, -0.0], [8.916162316412514, 5.461577205916903, 0.5, -0.0], [8.916162316412514, 5.461577205916903, 0.5, -0.0], [8.916162316412514, 5.461577205916903, 0.5, -0.0], [8.916162316412514, 5.461577205916903, 0.5, -0.0], [8.916162316412514, 5.461577205916903, 0.5, -0.0], [8.916162316412514, 5.461577205916903, 0.5, -0.0], [8.697804640792818, 5.729131433224929, 0.5, -0.0], [8.697804640792818, 5.729131433224929, 0.5, -0.0], [6.592614438517117, 5.889117557306218, 0.5, -0.0], [6.506468215546742, 5.9631578707649435, 0.5, -0.0], [6.506468215546742, 5.9631578707649435, 0.5, -0.0], [5.305310574145338, 5.992327061787186, 0.5, -0.0], [5.196613351759048, 6.036863298892704, 0.5, -0.0], [4.136810078095765, 6.065009117314966, 0.5, -0.0], [4.1240120621150655, 6.121494481871326, 0.5, -0.0], [3.7484816232105707, 6.123242812035379, 0.5, -0.0], [3.54583720979637, 6.141827549674376, 0.5, -0.0], [3.2161002315305365, 6.160993250839695, 0.5, -0.0], [2.665851741654813, 6.323685895887513, 0.5, -0.0], [2.399266567489332, 6.4182492078713285, 0.5, -0.0], [1.151508820860028, 6.521676412148916, 0.5, -0.0], [1.6117880322231852, 5.264081982958207, 0.6666666666666666, -0.0]]
10:24:56.337 INFO Meal Plan Generated: 
10:24:56.338 INFO 
Nutrition Values: [2650.7497599999997, 128.040924, 73.59899, 313.672138]
Weight: 1100
Objective Values: [9.960336649951405, 3.6262759850013815, 0.2, -0.0]

 Meal Plan: 
0 Crepes : 2 : 7
1 
2 
3 Moroccan Tagine : 1 : 17
4 Moroccan Potato Bean Soup : 1 : 17
5 Moroccan Couscous : 1 : 17
6 
7 
8 Pizzelles Ii : 2 : 3
9 
10 Swedish Nuts Ii : 2 : 12
11 Swedish Kringles : 1 : 12
12 Whole Yellow Pea Soup : 1 : 12
13 
14 

10:24:56.352 INFO 
Nutrition Values: [2095.19698, 105.890129, 71.22276, 227.8577982]
Weight: 1300
Objective Values: [8.28968230485766, 7.504145211706554, 0.2857142857142857, -0.0]

 Meal Plan: 
0 Italian-Style Deviled Eggs : 2 : 3
1 
2 
3 Chocolate Rum Balls I : 2 : 10
4 Kofta Kebabs : 2 : 4
5 Uptown Cowboy Caviar : 1 : 1
6 
7 
8 Baked Tortilla Chips : 1 : 8
9 
10 Beef Samosas : 2 : 18
11 Chocolate Chai : 2 : 18
12 Chocolate Spiders : 1 : -1
13 
14 

10:24:56.353 INFO 
Nutrition Values: [2331.14108, 101.72188933300001, 61.70282179999999, 296.296437]
Weight: 1200
Objective Values: [2.665851741654813, 6.323685895887513, 0.5, -0.0]

 Meal Plan: 
0 English Muffins : 2 : 1
1 
2 
3 Texas Brownies Ii : 1 : 1
4 Tomatillo Soup : 1 : 8
5 Uptown Cowboy Caviar : 1 : 1
6 Ham Pinwheels : 1 : -1
7 
8 Cheese Wafers : 2 : -1
9 
10 Mini Meringues : 2 : -1
11 Ricotta Cookies Iii : 1 : 3
12 Mexican Style Meatballs : 1 : 8
13 
14 

10:24:56.370 INFO 
Nutrition Values: [2769.4636, 115.33917100000001, 59.067570999999994, 384.263836]
Weight: 1100
Objective Values: [8.873611613282325, 5.672177696744684, 0.4, -0.0]

 Meal Plan: 
0 Mango-Peach Smoothie : 2 : -1
1 
2 
3 Texas Brownies Ii : 1 : 1
4 Moroccan Potato Bean Soup : 1 : 17
5 Moroccan Couscous : 1 : 17
6 
7 
8 Pizzelles Ii : 2 : 3
9 
10 Baked Tortilla Chips : 1 : 8
11 Mexican Wedding Cookies : 2 : 8
12 Mexican Style Meatballs : 1 : 8
13 
14 

10:24:56.370 INFO 
Nutrition Values: [2868.5267000000003, 139.065896, 57.764926, 362.885169]
Weight: 1200
Objective Values: [5.629605341831364, 7.230527786909565, 0.4, -0.0]

 Meal Plan: 
0 Mango-Peach Smoothie : 2 : -1
1 
2 
3 Texas Brownies Ii : 1 : 1
4 Gorditas : 2 : 8
5 Uptown Cowboy Caviar : 1 : 1
6 
7 
8 Italian-Style Deviled Eggs : 1 : 3
9 
10 Beef Samosas : 2 : 18
11 Mexican Wedding Cookies : 2 : 8
12 Chocolate Spiders : 1 : -1
13 
14 

## Run Without Preferences
10:26:19.435 INFO Initialising Variables.....
10:26:19.646 INFO loading projection weights from Data/Recipe1M/vocab.bin
10:26:19.646 DEBUG {'uri': 'Data/Recipe1M/vocab.bin', 'mode': 'rb', 'buffering': -1, 'encoding': None, 'errors': None, 'newline': None, 'closefd': True, 'opener': None, 'compression': 'infer_from_extension', 'transport_params': None}
10:26:20.6 DEBUG starting a new internal lifecycle event log for KeyedVectors
10:26:20.6 INFO KeyedVectors lifecycle event {'msg': 'loaded (30167, 300) matrix of type float32 from Data/Recipe1M/vocab.bin', 'binary': True, 'encoding': 'utf8', 'datetime': '2022-10-26T10:26:19.995362', 'gensim': '4.2.0', 'python': '3.8.10 (default, Jun 22 2022, 20:18:18) \n[GCC 9.4.0]', 'platform': 'Linux-5.4.0-126-generic-x86_64-with-glibc2.29', 'event': 'load_word2vec_format'}
10:26:20.10 INFO loading projection weights from models/graph_combi.bin
10:26:20.33 DEBUG {'uri': 'models/graph_combi.bin', 'mode': 'rb', 'buffering': -1, 'encoding': None, 'errors': None, 'newline': None, 'closefd': True, 'opener': None, 'compression': 'infer_from_extension', 'transport_params': None}
10:26:20.106 DEBUG starting a new internal lifecycle event log for KeyedVectors
10:26:20.107 INFO KeyedVectors lifecycle event {'msg': 'loaded (7280, 64) matrix of type float32 from models/graph_combi.bin', 'binary': True, 'encoding': 'utf8', 'datetime': '2022-10-26T10:26:20.106855', 'gensim': '4.2.0', 'python': '3.8.10 (default, Jun 22 2022, 20:18:18) \n[GCC 9.4.0]', 'platform': 'Linux-5.4.0-126-generic-x86_64-with-glibc2.29', 'event': 'load_word2vec_format'}
10:26:20.109 INFO Running
10:26:20.131 INFO Creating Initial Population...
10:26:29.989 INFO Initial Population Size: 100
10:26:30.12 INFO Initial All Objectives: [[9.60052430903768, 3.336307057494437, 0, 0], [9.469037439784147, 1.7802963375619307, 0, 0], [9.654933325929916, 2.2844991784599125, 0, 0], [9.48722808733013, 2.1655922424494602, 0, 0], [9.766076871943488, 3.971295522412472, 0, 0], [9.713574274912006, 4.959271694129226, 0, 0], [9.387314251968968, 2.9654707144550607, 0, 0], [9.552753427578816, 2.890563412845462, 0, 0], [9.582975405999663, 3.140202295498279, 0, 0], [9.821058527457422, 3.509407563491448, 0, 0], [9.287793507170903, 3.5708006696583916, 0, 0], [9.647764578587406, 3.4478247179620105, 0, 0], [9.645744403777433, 2.9277596343332193, 0, 0], [9.415923833381822, 3.969498812985636, 0, 0], [9.408476289745328, 3.9234203195885526, 0, 0], [9.731855835589618, 2.225663239601923, 0, 0], [9.66971953449284, 2.705883777110236, 0, 0], [9.399603922521909, 3.5087886003937925, 0, 0], [9.429118312000698, 2.2130432412791867, 0, 0], [9.478528287442668, 2.910031702519828, 0, 0], [8.446684001902339, 2.9114141362937866, 0, 0], [9.68574970146606, 2.2010863406756918, 0, 0], [8.773746913151877, 4.687746523299096, 0, 0], [9.688592382208533, 3.5422960667230763, 0, 0], [9.529809015203673, 3.323194852431595, 0, 0], [9.497654996459413, 3.1997875488810408, 0, 0], [9.768745820384428, 2.3392172932075392, 0, 0], [9.596820377672104, 2.51117174581337, 0, 0], [9.467869599916538, 3.1377034237898624, 0, 0], [9.591796762627759, 3.6671364511966096, 0, 0], [9.580906850520577, 3.8427539036181217, 0, 0], [9.776138536161792, 2.1201361982884412, 0, 0], [9.644910089489073, 3.6920412364251884, 0, 0], [9.464956512108367, 3.61734530970519, 0, 0], [9.469720693298079, 3.246865948296397, 0, 0], [9.389919313752701, 4.842355468800762, 0, 0], [9.43412611502665, 3.9733422266114937, 0, 0], [9.706128495015541, 2.0739319729251484, 0, 0], [9.554780431000262, 2.914571217251864, 0, 0], [9.621096111039426, 2.8186669961981257, 0, 0], [9.641647506076685, 2.644474843688436, 0, 0], [9.677220980165966, 3.6876096516056385, 0, 0], [9.518597348282704, 2.901675828770981, 0, 0], [9.671141179101728, 2.7467444457408603, 0, 0], [9.530705916062676, 2.921366851020907, 0, 0], [8.644454729390766, 2.296783141434856, 0, 0], [9.396326411782384, 2.271654539658951, 0, 0], [9.619946015344105, 2.8471952350661818, 0, 0], [9.55050951590475, 2.692435568003029, 0, 0], [9.462185267593284, 1.8895329909185778, 0, 0], [9.801249024277844, 2.2298009964752152, 0, 0], [9.339340136717457, 3.185066562315572, 0, 0], [9.374918444301848, 3.475390320003779, 0, 0], [9.72909248034256, 3.182211452944661, 0, 0], [9.21497397649732, 4.705762597275662, 0, 0], [9.435571944899404, 3.171077804581421, 0, 0], [9.524914230935686, 3.8123363202602403, 0, 0], [8.838344288120924, 2.970936129188048, 0, 0], [8.71443952937397, 2.462935020957699, 0, 0], [9.114175275792297, 3.935083234109598, 0, 0], [9.567769400916994, 2.1879513740477132, 0, 0], [9.560602913455206, 3.073404605443138, 0, 0], [9.661161914121186, 4.256528170207525, 0, 0], [9.65167246999501, 3.137840680671869, 0, 0], [9.421158758440026, 2.127662994216576, 0, 0], [8.637015058405789, 3.4790004476894554, 0, 0], [9.612592654644281, 2.375418198856906, 0, 0], [9.589003640612999, 2.5813300273939115, 0, 0], [9.582666648414893, 2.891269124300839, 0, 0], [9.316778362382381, 2.6300965352351584, 0, 0], [9.617374159064676, 2.720857440319725, 0, 0], [9.628042966203445, 2.3262799120672173, 0, 0], [9.213164849411797, 3.3830643670072944, 0, 0], [9.346830952580685, 3.867947365351784, 0, 0], [9.74979248753066, 2.5225589660531313, 0, 0], [9.724066516638104, 2.8716644030886433, 0, 0], [9.681175128737, 2.7443387138139905, 0, 0], [9.533191972703241, 2.4654205490360015, 0, 0], [9.467287081152014, 2.4934270319622196, 0, 0], [9.490637984000072, 2.564200470374348, 0, 0], [9.49929632216569, 3.5895876823489385, 0, 0], [9.099845586247127, 4.216427604661519, 0, 0], [9.326419799286832, 4.082086821096294, 0, 0], [9.455088759057205, 2.893002640633665, 0, 0], [9.56244602789915, 3.5969252313637172, 0, 0], [9.368426507644926, 3.268959066767307, 0, 0], [8.896789373672997, 3.2413253500189683, 0, 0], [9.447472522061275, 3.2206463495298436, 0, 0], [9.36270246167848, 4.213807398361212, 0, 0], [9.234250248046472, 1.9650664905037347, 0, 0], [9.297942982531127, 3.308948329311182, 0, 0], [9.750876791856518, 2.389970544769344, 0, 0], [9.434136976243003, 2.3143694621913005, 0, 0], [9.627405663858262, 2.735242926844278, 0, 0], [9.343565549739955, 3.312474382345574, 0, 0], [9.809747557004592, 2.436709030735523, 0, 0], [9.553524955550108, 4.2152433142582755, 0, 0], [9.707611303798425, 4.402220781937478, 0, 0], [9.10342440190357, 4.292336024059265, 0, 0], [9.707036307535718, 4.869282175970631, 0, 0]]
10:26:30.30 INFO Random Initial Meal Plan: 
10:26:30.40 INFO 
Nutrition Values: [2836.0499499999996, 138.07711700000002, 63.52500260000001, 344.57623700000005]
Weight: 1100
Objective Values: [9.766076871943488, 3.971295522412472, 0, 0]

 Meal Plan: 
0 Grandma'S Iron Skillet Apple Pie : 2 : 1
1 
2 
3 Chocolate Rum Balls I : 2 : 10
4 Crunchies : 1 : 10
5 Vietnamese Fresh Spring Rolls : 2 : 5
6 
7 
8 Irish Potatoes : 1 : 9
9 
10 Karyn'S Cream Of Crab Soup : 1 : 1
11 Easy Cream Of Chicken Rice Soup : 1 : 1
12 Maryland Crab Soup : 1 : 1
13 
14 
10:26:30.281 INFO Initial Avg Objectives: [9.47279907363214, 3.123633521135286, 0.0, 0.0]
10:26:30.281 INFO Starting Evolution..
10:26:30.352 INFO Iteration 0: Objective Value: [8.77596448162332, 3.5536695916860257, 0.0, 0.0]
10:26:33.15 INFO Iteration 10: Objective Value: [8.477868679146235, 4.680088398170017, 0.0, 0.0]
10:26:35.464 INFO Iteration 20: Objective Value: [8.425686450678993, 5.344764796029024, 0.0, 0.0]
10:26:37.674 INFO Iteration 30: Objective Value: [8.11740072341405, 6.542854350548043, 0.0, 0.0]
10:26:39.821 INFO Iteration 40: Objective Value: [8.3437228347975, 6.904228106167353, 0.0, 0.0]
10:26:41.953 INFO Iteration 50: Objective Value: [8.37872496054506, 6.884321203941195, 0.0, 0.0]
10:26:44.43 INFO Iteration 60: Objective Value: [8.188100189161002, 6.77095373660092, 0.0, 0.0]
10:26:45.967 INFO Iteration 70: Objective Value: [7.854615491067868, 6.906967247176604, 0.0, 0.0]
10:26:47.883 INFO Iteration 80: Objective Value: [8.41559510953684, 7.306810975949104, 0.0, 0.0]
10:26:49.711 INFO Iteration 90: Objective Value: [8.656264411172108, 6.9965013405945635, 0.0, 0.0]
10:26:51.495 INFO Objective Value: [8.885475738499991, 6.818216529688871, 0.0, 0.0]
10:26:51.496 INFO NSGA Complete
10:26:51.518 INFO Front Size: 100
10:26:51.518 INFO Objective Values History: 
10:26:51.518 INFO [[8.77596448162332, 3.5536695916860257, 0.0, 0.0], [8.477868679146235, 4.680088398170017, 0.0, 0.0], [8.425686450678993, 5.344764796029024, 0.0, 0.0], [8.11740072341405, 6.542854350548043, 0.0, 0.0], [8.3437228347975, 6.904228106167353, 0.0, 0.0], [8.37872496054506, 6.884321203941195, 0.0, 0.0], [8.188100189161002, 6.77095373660092, 0.0, 0.0], [7.854615491067868, 6.906967247176604, 0.0, 0.0], [8.41559510953684, 7.306810975949104, 0.0, 0.0], [8.656264411172108, 6.9965013405945635, 0.0, 0.0]]
10:26:51.519 INFO Objective Values of Pareto Front: 
10:26:51.519 INFO [[9.843347043302227, 6.095700439909958, 0, 0], [9.843347043302227, 6.095700439909958, 0, 0], [9.843347043302227, 6.095700439909958, 0, 0], [9.843347043302227, 6.095700439909958, 0, 0], [9.466770397302007, 6.170111555873059, 0, 0], [9.466770397302007, 6.170111555873059, 0, 0], [9.466770397302007, 6.170111555873059, 0, 0], [9.40613635439553, 6.303560705771017, 0, 0], [9.40613635439553, 6.303560705771017, 0, 0], [9.40613635439553, 6.303560705771017, 0, 0], [9.40613635439553, 6.303560705771017, 0, 0], [9.40613635439553, 6.303560705771017, 0, 0], [9.40613635439553, 6.303560705771017, 0, 0], [9.40613635439553, 6.303560705771017, 0, 0], [9.40613635439553, 6.303560705771017, 0, 0], [9.40613635439553, 6.303560705771017, 0, 0], [9.40613635439553, 6.303560705771017, 0, 0], [9.40613635439553, 6.303560705771017, 0, 0], [9.40613635439553, 6.303560705771017, 0, 0], [9.40613635439553, 6.303560705771017, 0, 0], [9.40613635439553, 6.303560705771017, 0, 0], [9.40613635439553, 6.303560705771017, 0, 0], [9.40613635439553, 6.303560705771017, 0, 0], [9.40613635439553, 6.303560705771017, 0, 0], [9.40613635439553, 6.303560705771017, 0, 0], [9.40613635439553, 6.303560705771017, 0, 0], [9.40613635439553, 6.303560705771017, 0, 0], [9.40613635439553, 6.303560705771017, 0, 0], [9.40613635439553, 6.303560705771017, 0, 0], [9.40613635439553, 6.303560705771017, 0, 0], [9.40613635439553, 6.303560705771017, 0, 0], [9.40613635439553, 6.303560705771017, 0, 0], [9.40613635439553, 6.303560705771017, 0, 0], [9.40613635439553, 6.303560705771017, 0, 0], [9.40613635439553, 6.303560705771017, 0, 0], [9.40613635439553, 6.303560705771017, 0, 0], [9.40613635439553, 6.303560705771017, 0, 0], [9.330871008640587, 6.636926857293707, 0, 0], [9.330871008640587, 6.636926857293707, 0, 0], [9.330871008640587, 6.636926857293707, 0, 0], [9.330871008640587, 6.636926857293707, 0, 0], [9.330871008640587, 6.636926857293707, 0, 0], [9.330871008640587, 6.636926857293707, 0, 0], [9.330871008640587, 6.636926857293707, 0, 0], [9.330871008640587, 6.636926857293707, 0, 0], [9.330871008640587, 6.636926857293707, 0, 0], [9.330871008640587, 6.636926857293707, 0, 0], [9.330871008640587, 6.636926857293707, 0, 0], [9.330871008640587, 6.636926857293707, 0, 0], [9.330871008640587, 6.636926857293707, 0, 0], [9.330871008640587, 6.636926857293707, 0, 0], [9.330871008640587, 6.636926857293707, 0, 0], [9.330871008640587, 6.636926857293707, 0, 0], [9.330871008640587, 6.636926857293707, 0, 0], [9.330871008640587, 6.636926857293707, 0, 0], [9.330871008640587, 6.636926857293707, 0, 0], [9.330871008640587, 6.636926857293707, 0, 0], [9.244088036633302, 7.1091892091435405, 0, 0], [9.244088036633302, 7.1091892091435405, 0, 0], [9.244088036633302, 7.1091892091435405, 0, 0], [9.244088036633302, 7.1091892091435405, 0, 0], [9.244088036633302, 7.1091892091435405, 0, 0], [9.244088036633302, 7.1091892091435405, 0, 0], [9.244088036633302, 7.1091892091435405, 0, 0], [9.244088036633302, 7.1091892091435405, 0, 0], [9.244088036633302, 7.1091892091435405, 0, 0], [9.244088036633302, 7.1091892091435405, 0, 0], [9.244088036633302, 7.1091892091435405, 0, 0], [9.244088036633302, 7.1091892091435405, 0, 0], [9.244088036633302, 7.1091892091435405, 0, 0], [9.244088036633302, 7.1091892091435405, 0, 0], [9.244088036633302, 7.1091892091435405, 0, 0], [9.244088036633302, 7.1091892091435405, 0, 0], [8.553571355744412, 7.1972160072792235, 0, 0], [8.553571355744412, 7.1972160072792235, 0, 0], [8.553571355744412, 7.1972160072792235, 0, 0], [8.553571355744412, 7.1972160072792235, 0, 0], [8.553571355744412, 7.1972160072792235, 0, 0], [8.553571355744412, 7.1972160072792235, 0, 0], [8.553571355744412, 7.1972160072792235, 0, 0], [8.553571355744412, 7.1972160072792235, 0, 0], [8.553571355744412, 7.1972160072792235, 0, 0], [8.553571355744412, 7.1972160072792235, 0, 0], [8.553571355744412, 7.1972160072792235, 0, 0], [8.553571355744412, 7.1972160072792235, 0, 0], [8.553571355744412, 7.1972160072792235, 0, 0], [8.553571355744412, 7.1972160072792235, 0, 0], [8.553571355744412, 7.1972160072792235, 0, 0], [8.337238441587765, 7.7628598841266445, 0, 0], [8.337238441587765, 7.7628598841266445, 0, 0], [8.08814135670297, 7.78198502343741, 0, 0], [8.08814135670297, 7.78198502343741, 0, 0], [7.992926403990616, 7.8992830725968615, 0, 0], [7.992926403990616, 7.8992830725968615, 0, 0], [5.544478845211267, 8.00461575705872, 0, 0], [5.544478845211267, 8.00461575705872, 0, 0], [5.324783165061459, 8.102944882034729, 0, 0], [5.324783165061459, 8.102944882034729, 0, 0], [2.5941241663994523, 8.137256764315161, 0, 0], [2.5941241663994523, 8.137256764315161, 0, 0]]
10:26:51.772 INFO Meal Plan Generated: 
10:26:51.772 INFO 
Nutrition Values: [2366.7619, 93.16045400000002, 75.01999509999999, 324.563711]
Weight: 1100
Objective Values: [9.244088036633302, 7.1091892091435405, 0, 0]

 Meal Plan: 
0 Banana Juice : 2 : 1
1 
2 
3 Jerk Grilled Chicken Wings : 1 : 14
4 Brigadeiro : 1 : 14
5 Habichuelas Guisadas : 2 : 14
6 
7 
8 Sour Cream Sugar Cookies I : 1 : 0
9 
10 Greek Butter Cookies : 1 : 11
11 Gorgonzola And Olive Stuffed Grape Leaves : 1 : 11
12 Moroccan Couscous : 2 : 17
13 
14 

10:26:51.787 INFO 
Nutrition Values: [1630.06047, 59.262948, 45.8536431, 237.8353242]
Weight: 1200
Objective Values: [5.544478845211267, 8.00461575705872, 0, 0]

 Meal Plan: 
0 Lemon Blueberry Bread : 2 : 9
1 
2 
3 Speedy Pear And Pecan Salad : 1 : -1
4 Kofta Kebabs : 2 : 4
5 Vietnamese Fresh Spring Rolls : 2 : 5
6 
7 
8 Double Chocolate Biscotti : 1 : 3
9 
10 Greek Butter Cookies : 1 : 11
11 Gorgonzola And Olive Stuffed Grape Leaves : 1 : 11
12 Moroccan Couscous : 2 : 17
13 
14 

10:26:51.787 INFO 
Nutrition Values: [2358.30238, 81.07582799999999, 62.123298399999996, 356.602484]
Weight: 1400
Objective Values: [9.40613635439553, 6.303560705771017, 0, 0]

 Meal Plan: 
0 Doughnut Muffins : 2 : -1
1 
2 
3 Greek Butter Cookies : 2 : 11
4 Gorgonzola And Olive Stuffed Grape Leaves : 1 : 11
5 Mediterranean Orzo Spinach Salad : 1 : 11
6 
7 
8 Chocolate Chip Cookie Dough Fudge : 2 : -1
9 
10 Strawberry Bruschetta : 2 : 3
11 Irish Potatoes : 2 : 9
12 Moroccan Couscous : 2 : 17
13 
14 

10:26:51.804 INFO 
Nutrition Values: [1799.07204, 59.795207, 56.513734, 267.84344219999997]
Weight: 1200
Objective Values: [2.5941241663994523, 8.137256764315161, 0, 0]

 Meal Plan: 
0 Oat Applesauce Muffins : 2 : -1
1 
2 
3 Speedy Pear And Pecan Salad : 1 : -1
4 Kofta Kebabs : 2 : 4
5 Vietnamese Fresh Spring Rolls : 2 : 5
6 
7 
8 Mary Mazzie'S Anise Cookies : 1 : -1
9 
10 Party Kielbasa : 1 : -1
11 Gorgonzola And Olive Stuffed Grape Leaves : 1 : 11
12 Moroccan Couscous : 2 : 17
13 
14 

10:26:51.804 INFO 
Nutrition Values: [1558.1285699999999, 51.559329999999996, 40.1989545, 237.9099782]
Weight: 1400
Objective Values: [8.553571355744412, 7.1972160072792235, 0, 0]

 Meal Plan: 
0 Donut Muffins : 2 : 10
1 Gluten-Free Pumpkin Muffins : 1 : -1
2 
3 Chocolate Rum Balls I : 2 : 10
4 Kofta Kebabs : 2 : 4
5 Vietnamese Fresh Spring Rolls : 2 : 5
6 
7 
8 Double Chocolate Biscotti : 1 : 3
9 
10 Greek Butter Cookies : 1 : 11
11 Gorgonzola And Olive Stuffed Grape Leaves : 1 : 11
12 Moroccan Couscous : 2 : 17
13 
14 

## Run with Preferences: Preferred: 8,3 (Italy, Mexico) Rejected: 1 (North America)
10:31:27.140 INFO Initialising Variables.....
10:31:27.304 INFO loading projection weights from Data/Recipe1M/vocab.bin
10:31:27.304 DEBUG {'uri': 'Data/Recipe1M/vocab.bin', 'mode': 'rb', 'buffering': -1, 'encoding': None, 'errors': None, 'newline': None, 'closefd': True, 'opener': None, 'compression': 'infer_from_extension', 'transport_params': None}
10:31:27.588 DEBUG starting a new internal lifecycle event log for KeyedVectors
10:31:27.588 INFO KeyedVectors lifecycle event {'msg': 'loaded (30167, 300) matrix of type float32 from Data/Recipe1M/vocab.bin', 'binary': True, 'encoding': 'utf8', 'datetime': '2022-10-26T10:31:27.579352', 'gensim': '4.2.0', 'python': '3.8.10 (default, Jun 22 2022, 20:18:18) \n[GCC 9.4.0]', 'platform': 'Linux-5.4.0-126-generic-x86_64-with-glibc2.29', 'event': 'load_word2vec_format'}
10:31:27.591 INFO loading projection weights from models/graph_combi.bin
10:31:27.603 DEBUG {'uri': 'models/graph_combi.bin', 'mode': 'rb', 'buffering': -1, 'encoding': None, 'errors': None, 'newline': None, 'closefd': True, 'opener': None, 'compression': 'infer_from_extension', 'transport_params': None}
10:31:27.664 DEBUG starting a new internal lifecycle event log for KeyedVectors
10:31:27.664 INFO KeyedVectors lifecycle event {'msg': 'loaded (7280, 64) matrix of type float32 from models/graph_combi.bin', 'binary': True, 'encoding': 'utf8', 'datetime': '2022-10-26T10:31:27.664673', 'gensim': '4.2.0', 'python': '3.8.10 (default, Jun 22 2022, 20:18:18) \n[GCC 9.4.0]', 'platform': 'Linux-5.4.0-126-generic-x86_64-with-glibc2.29', 'event': 'load_word2vec_format'}
10:31:27.666 INFO Running
10:31:27.683 INFO Creating Initial Population...
10:31:37.942 INFO Initial Population Size: 100
10:31:37.966 INFO Initial All Objectives: [[9.465061457354008, 2.4147150578561365, 0.3333333333333333, -0.08333333333333333], [9.49692336850766, 2.219476071341436, 0.4, -0.09090909090909091], [9.795618210397162, 3.360120388550283, 0.0, -0.09090909090909091], [8.940965806958761, 4.979891990530447, 0.14285714285714285, -0.09090909090909091], [9.316536561305691, 4.8080673909469605, 0.25, -0.1], [9.32229194604895, 2.4898476783879566, 0.16666666666666666, -0.08333333333333333], [9.616736468757713, 2.1311829204254313, 0.0, -0.1], [9.608846919127599, 3.2043499989603155, 0.2, -0.09090909090909091], [9.49447810146591, 2.868916626826362, 0.3333333333333333, -0.08333333333333333], [8.784134472365455, 4.277072265679734, 0.25, -0.1], [9.400581215554627, 2.956662967739797, 0.0, -0.09090909090909091], [9.54200666226068, 4.544451842897007, 0.3333333333333333, -0.1111111111111111], [9.773552077374482, 2.369380744651337, 0.2, -0.09090909090909091], [8.74747415090276, 3.1139840773389498, 0.14285714285714285, -0.08333333333333333], [9.407051889452557, 3.591348835572719, 0.25, -0.07692307692307693], [9.299024630152012, 3.9484162198046318, 0.14285714285714285, -0.08333333333333333], [9.441177027817037, 4.7351154563180184, 0.16666666666666666, -0.09090909090909091], [9.27700409009968, 4.199367818475125, 0.2, -0.1], [9.340214999222255, 2.14876602848595, 0.25, -0.1], [9.535387914522627, 3.5023474032242303, 0.2, -0.09090909090909091], [9.180471011582705, 2.477201988867317, 0.0, -0.1], [9.678834141068004, 2.3901310278223034, 0.2, -0.1111111111111111], [9.489121185644215, 2.809773274986444, 0.25, -0.1], [9.281225017010419, 2.8771047498773865, 0.16666666666666666, -0.09090909090909091], [9.439451119548623, 2.1019770342522377, 0.16666666666666666, -0.09090909090909091], [9.354521104959506, 3.2065540783139435, 0.4, -0.09090909090909091], [9.456855444485674, 3.01901808281633, 0.2, -0.08333333333333333], [9.739194062750872, 3.5619099431202503, 0.25, -0.09090909090909091], [9.61373521660468, 2.979949884682129, 0.2, -0.09090909090909091], [9.5114125778948, 2.9123884069376413, 0.25, -0.09090909090909091], [9.543869648792718, 2.1625044462606327, 0.2, -0.08333333333333333], [9.563065990831483, 3.773640494220012, 0.2, -0.1], [9.169593356697975, 4.1431712197394495, 0.0, -0.1], [8.699969390815394, 2.605333734874555, 0.25, -0.1], [9.65224150876769, 2.4735205949017027, 0.25, -0.1], [9.425799999807193, 3.2856196073800974, 0.16666666666666666, -0.09090909090909091], [9.739638680833865, 2.912511102570842, 0.0, -0.09090909090909091], [9.643177269340624, 2.9166606676862887, 0.2, -0.09090909090909091], [9.67253916732308, 2.495084268584727, 0.2, -0.1], [9.536175295002973, 2.4940283529070277, 0.25, -0.1], [9.6073449747859, 2.576642827547074, 0.16666666666666666, -0.1111111111111111], [9.587954308562763, 4.645709552872672, 0.4, -0.1], [9.660688504990391, 1.9571773316270973, 0.2, -0.08333333333333333], [9.792532958092902, 4.003012948103186, 0.2, -0.1111111111111111], [9.536249620838715, 3.181362255080568, 0.4, -0.09090909090909091], [9.685936067789797, 2.168931962474991, 0.16666666666666666, -0.08333333333333333], [9.41215231474358, 3.8122222406412067, 0.3333333333333333, -0.09090909090909091], [9.452984936523949, 2.7370441220586192, 0.0, -0.1], [9.53741539266208, 2.7765792416521426, 0.0, -0.09090909090909091], [9.873682588274637, 2.7430132772597324, 0.25, -0.1], [9.09468540932173, 1.916019200889729, 0.16666666666666666, -0.08333333333333333], [9.734889779909171, 2.9094050732945473, 0.2, -0.1], [9.214750168538965, 4.464502611398528, 0.16666666666666666, -0.09090909090909091], [9.519749615806834, 3.1442899731412544, 0.2, -0.1], [9.32315065707394, 4.1856673253978744, 0.0, -0.1], [9.714141190092725, 2.138404031231667, 0.2, -0.09090909090909091], [9.45997786571542, 3.232696913579004, 0.16666666666666666, -0.1111111111111111], [9.175537284999278, 2.4578605096185115, 0.16666666666666666, -0.08333333333333333], [9.622943751266016, 2.935820807204887, 0.14285714285714285, -0.1], [9.464045547644474, 3.0716030986584726, 0.2857142857142857, -0.09090909090909091], [9.826934422963166, 2.543615191810756, 0.25, -0.1111111111111111], [9.866899908172904, 3.2633621795494046, 0.2, -0.1], [9.050430049765733, 1.8499488962496244, 0.3333333333333333, -0.08333333333333333], [8.79535575806299, 3.2261904586255787, 0.0, -0.1], [9.720363456904462, 3.6313562304568814, 0.2, -0.09090909090909091], [9.747904243570622, 2.519762573589381, 0.16666666666666666, -0.1], [9.775973709355055, 2.8195000155899055, 0.2, -0.08333333333333333], [9.658582815252093, 2.26423807656917, 0.0, -0.09090909090909091], [9.875346349963174, 1.8634763381826047, 0.0, -0.09090909090909091], [9.48251948090568, 2.989523357228622, 0.0, -0.08333333333333333], [9.580596979375043, 2.7195344074872216, 0.0, -0.1], [9.730918594108438, 2.8377155171180077, 0.14285714285714285, -0.1], [9.473773789197901, 2.665547021676888, 0.2, -0.08333333333333333], [9.464737076237371, 2.489840168515335, 0.2, -0.09090909090909091], [9.88410050467589, 1.7374926041055876, 0.25, -0.1], [9.913568671240917, 2.3480435577640706, 0.25, -0.1111111111111111], [9.48593746932893, 2.229723720415873, 0.2, -0.09090909090909091], [9.481699559391927, 4.0817450583211965, 0.2, -0.09090909090909091], [9.48572678024796, 3.3379836788389503, 0.0, -0.1], [9.585522854489037, 2.502655755968709, 0.14285714285714285, -0.09090909090909091], [9.671855887301744, 3.0572765774584805, 0.16666666666666666, -0.09090909090909091], [9.75989473473086, 2.9954337021574733, 0.0, -0.1111111111111111], [9.667802239356917, 2.7377460280354784, 0.14285714285714285, -0.09090909090909091], [9.449529463896576, 2.536182847464974, 0.14285714285714285, -0.1], [9.871091442559973, 2.4064356373137863, 0.0, -0.1], [9.804955080938033, 3.326838187679506, 0.4, -0.1111111111111111], [9.37011688875603, 4.3046646351129505, 0.25, -0.1], [9.318732400979998, 3.3866125882917797, 0.3333333333333333, -0.09090909090909091], [9.750518444531506, 2.2935155443735042, 0.16666666666666666, -0.09090909090909091], [9.717630544546074, 2.7824942817000795, 0.0, -0.1], [9.405417469598087, 3.9973709237546124, 0.2, -0.09090909090909091], [9.787208597015185, 2.1187952359202624, 0.25, -0.1], [9.454905155614814, 2.044925782920009, 0.16666666666666666, -0.09090909090909091], [9.45525239568992, 3.664433200553714, 0.25, -0.09090909090909091], [9.448931385326672, 2.5826104545239343, 0.16666666666666666, -0.09090909090909091], [9.772998669782831, 2.856938730413435, 0.2, -0.09090909090909091], [9.627859285545968, 2.6470712619893964, 0.0, -0.09090909090909091], [9.496502630530147, 3.7597510716627083, 0.25, -0.1], [9.400024947209026, 2.7017222130444596, 0.25, -0.08333333333333333], [9.527470642569734, 2.191085195057386, 0.3333333333333333, -0.09090909090909091]]
10:31:37.981 INFO Random Initial Meal Plan: 
10:31:37.985 INFO 
Nutrition Values: [2708.7074000000002, 114.312818, 73.59543500000001, 358.02130100000005]
Weight: 1200
Objective Values: [9.795618210397162, 3.360120388550283, 0.0, -0.09090909090909091]

 Meal Plan: 
0 Crepes : 2 : 7
1 Dessert Crepes : 1 : 7
2 
3 Baked Brie In Puff Pastry : 1 : 7
4 Alsatian Chocolate Balls : 1 : 7
5 Pistou Soup : 1 : 5
6 
7 
8 Irish Tea Cake : 1 : 9
9 
10 Amish Macaroni Salad : 1 : 1
11 Amish Sugar Cookies : 1 : 1
12 Cabbage Borscht Mennonite Soup : 2 : 1
13 New Year'S Cookies : 1 : 1
14 
10:31:38.206 INFO Initial Avg Objectives: [9.511123628767328, 2.9883268895603767, 0.1817857142857142, -0.09437529137529134]
10:31:38.206 INFO Starting Evolution..
10:31:38.281 INFO Iteration 0: Objective Value: [8.126658107090863, 3.403157702779659, 0.22752777777777766, -0.08982134532134531]
10:31:40.811 INFO Iteration 10: Objective Value: [6.851303176679872, 4.284025577536334, 0.25433802308802295, -0.0830442335442334]
10:31:43.235 INFO Iteration 20: Objective Value: [7.1739750478784, 4.6260002167314305, 0.2912499999999997, -0.07910711510711495]
10:31:45.652 INFO Iteration 30: Objective Value: [7.0820512388756285, 4.77019680034356, 0.30728968253968225, -0.07709423909423901]
10:31:48.92 INFO Iteration 40: Objective Value: [6.737642320839967, 4.9016614996746855, 0.3134722222222219, -0.07808452658452651]
10:31:50.442 INFO Iteration 50: Objective Value: [6.380688595701571, 4.85772348091589, 0.3331865079365076, -0.07828149628149621]
10:31:52.839 INFO Iteration 60: Objective Value: [6.5890101554470855, 5.002540603290411, 0.31632539682539645, -0.0791829836829836]
10:31:55.350 INFO Iteration 70: Objective Value: [6.263174745279115, 5.025742892281504, 0.33232936507936495, -0.07913730713730699]
10:31:57.717 INFO Iteration 80: Objective Value: [6.264318769079431, 5.136388767703477, 0.3375079365079362, -0.07925335775335766]
10:32:00.152 INFO Iteration 90: Objective Value: [6.070536334004859, 5.073515642387482, 0.3337380952380949, -0.07782095682095674]
10:32:02.603 INFO Objective Value: [5.920227896720743, 5.077769398758118, 0.3231071428571426, -0.07702103452103444]
10:32:02.604 INFO NSGA Complete
10:32:02.626 INFO Front Size: 100
10:32:02.626 INFO Objective Values History: 
10:32:02.626 INFO [[8.126658107090863, 3.403157702779659, 0.22752777777777766, -0.08982134532134531], [6.851303176679872, 4.284025577536334, 0.25433802308802295, -0.0830442335442334], [7.1739750478784, 4.6260002167314305, 0.2912499999999997, -0.07910711510711495], [7.0820512388756285, 4.77019680034356, 0.30728968253968225, -0.07709423909423901], [6.737642320839967, 4.9016614996746855, 0.3134722222222219, -0.07808452658452651], [6.380688595701571, 4.85772348091589, 0.3331865079365076, -0.07828149628149621], [6.5890101554470855, 5.002540603290411, 0.31632539682539645, -0.0791829836829836], [6.263174745279115, 5.025742892281504, 0.33232936507936495, -0.07913730713730699], [6.264318769079431, 5.136388767703477, 0.3375079365079362, -0.07925335775335766], [6.070536334004859, 5.073515642387482, 0.3337380952380949, -0.07782095682095674]]
10:32:02.627 INFO Objective Values of Pareto Front: 
10:32:02.627 INFO [[9.792532958092902, 4.003012948103186, 0.2, -0.1111111111111111], [9.913568671240917, 2.3480435577640706, 0.25, -0.1111111111111111], [5.347491064565441, 7.819418522854295, 0.3333333333333333, -0.1111111111111111], [4.003027277365197, 7.350192913906152, 0.4, -0.1111111111111111], [9.748347477596925, 3.6757484819745896, 0.0, -0.1], [8.452111198522887, 7.515490780375744, 0.2, -0.1], [5.9042699175533, 7.7951069960742965, 0.2, -0.1], [9.88410050467589, 1.7374926041055876, 0.25, -0.1], [9.873682588274637, 2.7430132772597324, 0.25, -0.1], [8.077415281461159, 7.401679180361737, 0.2857142857142857, -0.1], [5.9042699175533, 7.725963026545662, 0.2857142857142857, -0.1], [8.322026182954165, 6.911805263589111, 0.3333333333333333, -0.1], [4.583563769627521, 7.763346563374802, 0.3333333333333333, -0.1], [9.587954308562763, 4.645709552872672, 0.4, -0.1], [7.544899320559492, 6.257719235316083, 0.4, -0.1], [4.086728381752346, 7.089842754445451, 0.4, -0.1], [7.5906370017146605, 4.327296492917364, 0.5, -0.1], [2.329159044899, 6.553206088254513, 0.5, -0.1], [9.894537795136122, 1.8062175173811372, 0.0, -0.09090909090909091], [9.875346349963174, 1.8634763381826047, 0.0, -0.09090909090909091], [6.857046810754617, 7.1681410754074015, 0.14285714285714285, -0.09090909090909091], [9.720363456904462, 3.6313562304568814, 0.2, -0.09090909090909091], [9.138349408920266, 4.802449300402696, 0.2, -0.09090909090909091], [5.374882548614799, 7.517756687518252, 0.25, -0.09090909090909091], [9.02564660683733, 3.914364228350278, 0.2857142857142857, -0.09090909090909091], [6.749294334737929, 7.004305416235748, 0.2857142857142857, -0.09090909090909091], [3.208494638739264, 7.698423821290089, 0.3333333333333333, -0.09090909090909091], [9.354521104959506, 3.2065540783139435, 0.4, -0.09090909090909091], [6.1768874147602295, 6.901971569625691, 0.4, -0.09090909090909091], [8.088850540887663, 2.5005618581610203, 0.5, -0.09090909090909091], [5.657661856700228, 4.546993044694381, 0.5, -0.09090909090909091], [5.453143359263038, 6.097772953341109, 0.5, -0.09090909090909091], [3.8366936693398874, 4.700807457655781, 0.6666666666666666, -0.09090909090909091], [2.944721627544618, 5.649681469706441, 0.6666666666666666, -0.09090909090909091], [9.48251948090568, 2.989523357228622, 0.0, -0.08333333333333333], [8.270786881431938, 5.747885541810672, 0.1111111111111111, -0.08333333333333333], [7.353758007640092, 5.5354713853438415, 0.125, -0.08333333333333333], [8.931506627771839, 3.78510074351803, 0.16666666666666666, -0.08333333333333333], [7.245650281144366, 6.727755071810646, 0.16666666666666666, -0.08333333333333333], [9.775973709355055, 2.8195000155899055, 0.2, -0.08333333333333333], [7.824139956302528, 4.969728347677583, 0.2, -0.08333333333333333], [8.73751574963995, 3.4557455222639346, 0.2857142857142857, -0.08333333333333333], [8.581556412859907, 4.11640964621296, 0.2857142857142857, -0.08333333333333333], [7.947699759827308, 4.149427437412462, 0.2857142857142857, -0.08333333333333333], [7.16690184317277, 6.349266611236299, 0.2857142857142857, -0.08333333333333333], [1.1896696569152037, 6.883565316257741, 0.2857142857142857, -0.08333333333333333], [9.49447810146591, 2.868916626826362, 0.3333333333333333, -0.08333333333333333], [7.853934398342314, 2.9557742037132986, 0.4, -0.08333333333333333], [7.463613250393898, 3.4737135726098174, 0.5, -0.08333333333333333], [1.1063146292379875, 6.497382713913513, 0.5, -0.08333333333333333], [5.7562097270512105, 3.7782328798617146, 0.6666666666666666, -0.08333333333333333], [2.8436893027744232, 5.098189216307449, 0.6666666666666666, -0.08333333333333333], [2.677019661404198, 5.261920631789458, 0.6666666666666666, -0.08333333333333333], [7.142842431713181, 5.009701440021843, 0.125, -0.07692307692307693], [6.825948727546439, 6.630764136163206, 0.125, -0.07692307692307693], [5.727349692087173, 5.577550433323114, 0.14285714285714285, -0.07692307692307693], [9.266273135394426, 3.5695573070146263, 0.2, -0.07692307692307693], [6.36509090775495, 5.429391071781524, 0.2222222222222222, -0.07692307692307693], [8.862672665145995, 3.2624362040675186, 0.2857142857142857, -0.07692307692307693], [8.194344307709239, 3.2932593978896705, 0.2857142857142857, -0.07692307692307693], [5.106661839965366, 6.847002082371249, 0.2857142857142857, -0.07692307692307693], [7.0463387181549795, 3.881463580993969, 0.4, -0.07692307692307693], [3.6637142934048144, 6.442017815471021, 0.4, -0.07692307692307693], [4.824812233463094, 4.781764596091336, 0.5, -0.07692307692307693], [1.9674796771244643, 5.89755623310633, 0.5, -0.07692307692307693], [2.6016963831035294, 4.761187798178791, 0.6666666666666666, -0.07692307692307693], [2.2651704827266292, 5.119168687005329, 0.6666666666666666, -0.07692307692307693], [5.30907123253612, 5.9399535405227075, 0.0, -0.07142857142857142], [7.048030018508821, 4.991231091182362, 0.1111111111111111, -0.07142857142857142], [7.338888613818003, 4.026954038141506, 0.125, -0.07142857142857142], [6.622496225010165, 4.403901948346279, 0.125, -0.07142857142857142], [5.186658192090721, 6.203919455025122, 0.125, -0.07142857142857142], [7.351881101625173, 2.6771681634472224, 0.14285714285714285, -0.07142857142857142], [6.33345812235331, 4.943875460830517, 0.14285714285714285, -0.07142857142857142], [6.532893419868875, 4.858336667532461, 0.25, -0.07142857142857142], [4.366959845102557, 5.798337439599122, 0.3333333333333333, -0.07142857142857142], [3.3763305245307453, 6.316361709175411, 0.3333333333333333, -0.07142857142857142], [1.6282703561206349, 6.120417402402339, 0.4, -0.07142857142857142], [4.943719620889272, 4.529190901846086, 0.5, -0.07142857142857142], [3.558638098700728, 5.369324918118843, 0.5, -0.07142857142857142], [1.7944110423080186, 5.747364299154388, 0.5, -0.07142857142857142], [0.9046554407648477, 4.229612135194886, 0.6666666666666666, -0.07142857142857142], [0.8514404148375038, 5.446161534666975, 0.6666666666666666, -0.07142857142857142], [5.3642426862491375, 5.2726747441597155, 0.1111111111111111, -0.06666666666666667], [5.310677896768603, 5.442435807189317, 0.2222222222222222, -0.06666666666666667], [6.002759963813864, 3.347409448321443, 0.2857142857142857, -0.06666666666666667], [5.057800734654496, 5.968498740738987, 0.2857142857142857, -0.06666666666666667], [1.3491009791736752, 6.788666632445222, 0.2857142857142857, -0.06666666666666667], [6.082962945326736, 3.108826942112146, 0.3333333333333333, -0.06666666666666667], [3.114670932797363, 5.085857619530364, 0.5, -0.06666666666666667], [2.1173948382960006, 5.572086391006523, 0.5, -0.06666666666666667], [0.7237243526118782, 5.285326716181062, 0.6666666666666666, -0.06666666666666667], [4.667430592929025, 5.16133053718776, 0.125, -0.0], [4.76511699117618, 4.477563053603569, 0.14285714285714285, -0.0], [4.919407873605472, 3.963209088504511, 0.2222222222222222, -0.0], [4.553312558243986, 5.327290048858061, 0.2857142857142857, -0.0], [3.7771416819915853, 5.890850100951529, 0.3333333333333333, -0.0], [4.243651641666665, 4.898570096589722, 0.4, -0.0], [1.664218329144622, 5.208940123474199, 0.4, -0.0], [3.2958130805928483, 4.734042168089114, 0.5, -0.0]]
10:32:02.877 INFO Meal Plan Generated: 
10:32:02.878 INFO 
Nutrition Values: [2515.9483899999996, 130.30088499999997, 59.250960000000006, 293.43548709999993]
Weight: 1500
Objective Values: [6.622496225010165, 4.403901948346279, 0.125, -0.07142857142857142]

 Meal Plan: 
0 Mamma Rita'S Eggs And Tomato Sauce : 1 : 3
1 French Crepes : 1 : 7
2 
3 Asparagus And Smoked Salmon Salad : 1 : 1
4 Sesame Noodle Salad : 1 : 1
5 Sweet And Spicy Green Beans : 2 : 1
6 Vietnamese Fresh Spring Rolls : 2 : 5
7 
8 Blueberry Crumb Bars : 1 : 6
9 Sesame Seed Cookies I : 1 : 3
10 Kofta Kebabs : 1 : 4
11 Drommar : 1 : 12
12 Swedish Kringles : 1 : 12
13 Sweet And Sour Red Cabbage : 1 : 12
14 Quick Artichoke Pasta Salad : 1 : -1

10:32:02.893 INFO 
Nutrition Values: [2962.05089, 139.9965034, 72.1268163, 361.20102499999996]
Weight: 1600
Objective Values: [1.9674796771244643, 5.89755623310633, 0.5, -0.07692307692307693]

 Meal Plan: 
0 Aunt Norma'S Rhubarb Muffins : 2 : -1
1 
2 Pumpkin Gingerbread : 1 : -1
3 Lemon Macaroon Tartlets : 1 : -1
4 Thai Cucumber Soup : 1 : 5
5 Jalapeno Cheese Squares : 1 : 8
6 
7 
8 Italian-Style Deviled Eggs : 1 : 3
9 White Chocolate Fudge : 1 : -1
10 Chicken Chimichangas With Sour Cream Sauce : 1 : 8
11 Pizzelles Ii : 2 : 3
12 Vietnamese Fresh Spring Rolls : 2 : 5
13 Cucumber And Apple Salad : 2 : -1
14 Fluffy Lemon Fruit Pie : 1 : -1

10:32:02.911 INFO 
Nutrition Values: [1890.6740499999999, 92.56430299999998, 65.40664800000002, 208.5624371]
Weight: 1500
Objective Values: [6.857046810754617, 7.1681410754074015, 0.14285714285714285, -0.09090909090909091]

 Meal Plan: 
0 Aunt Norma'S Rhubarb Muffins : 2 : -1
1 
2 Bacon Wrapped Tater Tots : 1 : -1
3 Miso Soup : 2 : 16
4 Thai Cucumber Soup : 1 : 5
5 Uptown Cowboy Caviar : 1 : 1
6 
7 
8 Italian-Style Deviled Eggs : 2 : 3
9 Sesame Seed Cookies I : 1 : 3
10 Kofta Kebabs : 1 : 4
11 Peanut Butter Potato Candy : 2 : 9
12 Vietnamese Fresh Spring Rolls : 2 : 5
13 
14 

10:32:02.928 INFO 
Nutrition Values: [2178.5951800000003, 100.201003, 70.816993, 255.030198]
Weight: 1300
Objective Values: [9.354521104959506, 3.2065540783139435, 0.4, -0.09090909090909091]

 Meal Plan: 
0 Crepes : 1 : 7
1 Creme Brulee Pancakes : 1 : 7
2 
3 Baked Tortilla Chips : 1 : 8
4 Taco Bake I : 1 : 8
5 Mexican Street Vendor Style Corn Salad : 1 : 8
6 Anise Seed Borrachio Cookies : 2 : 8
7 
8 New Brunswick Chocolate Chip Cookies : 2 : 6
9 
10 Italian-Style Deviled Eggs : 1 : 3
11 Ricotta Cookies Iii : 2 : 3
12 Pasta E Fagioli I : 1 : 3
13 
14 

10:32:02.928 INFO 
Nutrition Values: [2253.1049700000003, 119.46548080000001, 68.16887840000001, 242.1352561]
Weight: 1700
Objective Values: [4.366959845102557, 5.798337439599122, 0.3333333333333333, -0.07142857142857142]

 Meal Plan: 
0 Mamma Rita'S Eggs And Tomato Sauce : 1 : 3
1 Mamma Rita'S Eggs And Tomato Sauce : 2 : 3
2 Pumpkin Gingerbread : 1 : -1
3 Baked Tortilla Chips : 2 : 8
4 Thai Cucumber Soup : 1 : 5
5 Uptown Cowboy Caviar : 1 : 1
6 
7 Chocolate Drops : 1 : -1
8 Italian-Style Deviled Eggs : 2 : 3
9 White Chocolate Fudge : 1 : -1
10 Kofta Kebabs : 1 : 4
11 Anise Seed Borrachio Cookies : 1 : 8
12 Mexican Cucumber Salad : 1 : 8
13 Cucumber And Apple Salad : 2 : -1
14 

